<?xml version="1.0" encoding="UTF-8"?>
<beans xmlns="http://www.springframework.org/schema/beans"
       xmlns:xsi="http://www.w3.org/2001/XMLSchema-instance"
       xsi:schemaLocation="http://www.springframework.org/schema/beans http://www.springframework.org/schema/beans/spring-beans.xsd">

    <bean id="employee1" class="org.example.jdbc.Employee">
        <property name="id" value="21"/>
        <property name="number" value="AF_0003"/>
        <property name="name" value="wang_wu"/>
        <property name="departmentId" value="AF"/>
    </bean>
    <bean id="employee_test" class="org.example.jdbc.Employee">
        <property name="id" value="21"/>
        <property name="number" value="AF_0003"/>
        <property name="name" value="wang_wu"/>
        <property name="departmentId" value="AF"/>
    </bean>

</beans>